[2016-01-20 21:48:04] rpl-5leg-down-3hop-contikimac-notf-loss0-3min: FAIL
-- NO TEST INFO AVAILABLE (rpl-5leg-down-3hop-contikimac-notf-loss0-3min.info) --
-- TEST OUTPUT (tail rpl-5leg-down-3hop-contikimac-notf-loss0-3min.log) --
179068326:4: 22792 P 0.0 88 173586 5659112 1273 5700133 0 0 1511 64024 0 65536 0 0 (radio 97.-9498% / 100.00% tx 0.02% / 0.00% listen 97.-9500% / 100.00%)
179088679:7: 22792 P 0.0 88 269528 5563052 2402 5698999 0 0 1755 63781 0 65535 0 0 (radio 97.-9498% / 99.99% tx 0.04% / 0.00% listen 97.-9502% / 99.99%)
TEST TIMEOUT
TEST FAILED
Test ended at simulation time: 180000000
-- COOJA OUTPUT (tail rpl-5leg-down-3hop-contikimac-notf-loss0-3min.cooja_log) --
[21:49:53 - Thread-2] [LogScriptEngine.java:389] [INFO] - Test script at 70.00%, done in 45.1 sec
[21:50:00 - Thread-2] [LogScriptEngine.java:389] [INFO] - Test script at 75.00%, done in 37.6 sec
[21:50:05 - Thread-2] [LogScriptEngine.java:389] [INFO] - Test script at 80.00%, done in 29.4 sec
[21:50:11 - Thread-2] [LogScriptEngine.java:389] [INFO] - Test script at 85.00%, done in 21.8 sec
[21:50:16 - Thread-2] [LogScriptEngine.java:389] [INFO] - Test script at 90.00%, done in 14.3 sec
[21:50:20 - Thread-2] [LogScriptEngine.java:389] [INFO] - Test script at 95.00%, done in 7.0 sec
[21:50:25 - Thread-2] [LogScriptEngine.java:375] [INFO] - Timeout event @ 180000000
[21:50:25 - Thread-1] [LogScriptEngine.java:309] [INFO] - Test script finished
[21:50:25 - Thread-2] [Simulation.java:311] [INFO] - Simulation main loop stopped, system time: 1453323025316	Duration: 137505 ms	Simulated time 180000 ms	Ratio 1.3090433075160903
[21:50:25 - AWT-EventQueue-0] [ScriptRunner.java:429] [INFO] - Test script deactivated


[2016-01-20 21:50:26] rpl-5leg-down-3hop-contikimac-notf-loss0-3min: FAIL
-- NO TEST INFO AVAILABLE (rpl-5leg-down-3hop-contikimac-notf-loss0-3min.info) --
-- TEST OUTPUT (tail rpl-5leg-down-3hop-contikimac-notf-loss0-3min.log) --
179113302:2: 22792 P 0.0 88 173743 5658954 1272 5700134 0 0 1511 64024 0 65536 0 0 (radio 97.-9498% / 100.00% tx 0.02% / 0.00% listen 97.-9500% / 100.00%)
179140571:10: 22792 P 0.0 88 263306 5569235 2241 5699160 0 0 1765 63770 0 65535 0 0 (radio 97.-9498% / 100.00% tx 0.03% / 0.00% listen 97.-9502% / 100.00%)
TEST TIMEOUT
TEST FAILED
Test ended at simulation time: 180000000
-- COOJA OUTPUT (tail rpl-5leg-down-3hop-contikimac-notf-loss0-3min.cooja_log) --
[21:52:17 - Thread-2] [LogScriptEngine.java:389] [INFO] - Test script at 70.00%, done in 46.6 sec
[21:52:24 - Thread-2] [LogScriptEngine.java:389] [INFO] - Test script at 75.00%, done in 38.7 sec
[21:52:30 - Thread-2] [LogScriptEngine.java:389] [INFO] - Test script at 80.00%, done in 30.3 sec
[21:52:35 - Thread-2] [LogScriptEngine.java:389] [INFO] - Test script at 85.00%, done in 22.2 sec
[21:52:39 - Thread-2] [LogScriptEngine.java:389] [INFO] - Test script at 90.00%, done in 14.5 sec
[21:52:44 - Thread-2] [LogScriptEngine.java:389] [INFO] - Test script at 95.00%, done in 7.1 sec
[21:52:52 - Thread-2] [LogScriptEngine.java:375] [INFO] - Timeout event @ 180000000
[21:52:52 - Thread-1] [LogScriptEngine.java:309] [INFO] - Test script finished
[21:52:52 - Thread-2] [Simulation.java:311] [INFO] - Simulation main loop stopped, system time: 1453323172832	Duration: 143826 ms	Simulated time 180000 ms	Ratio 1.2515122439614534
[21:52:53 - AWT-EventQueue-0] [ScriptRunner.java:429] [INFO] - Test script deactivated


[2016-01-20 21:52:53] rpl-5leg-down-3hop-contikimac-notf-loss0-3min: FAIL
-- NO TEST INFO AVAILABLE (rpl-5leg-down-3hop-contikimac-notf-loss0-3min.info) --
-- TEST OUTPUT (tail rpl-5leg-down-3hop-contikimac-notf-loss0-3min.log) --
178887608:15: 22792 P 0.0 88 230317 5602238 1683 5699718 0 0 1755 63781 0 65535 0 0 (radio 97.-9498% / 99.99% tx 0.02% / 0.00% listen 97.-9501% / 99.99%)
179055841:14: 22792 P 0.0 88 234879 5597666 1767 5699633 0 0 1755 63781 0 65535 0 0 (radio 97.-9498% / 99.99% tx 0.03% / 0.00% listen 97.-9501% / 99.99%)
TEST TIMEOUT
TEST FAILED
Test ended at simulation time: 180000000
-- COOJA OUTPUT (tail rpl-5leg-down-3hop-contikimac-notf-loss0-3min.cooja_log) --
[21:56:19 - Thread-2] [LogScriptEngine.java:389] [INFO] - Test script at 70.00%, done in 85.4 sec
[21:56:33 - Thread-2] [LogScriptEngine.java:389] [INFO] - Test script at 75.00%, done in 70.9 sec
[21:56:43 - Thread-2] [LogScriptEngine.java:389] [INFO] - Test script at 80.00%, done in 55.7 sec
[21:56:52 - Thread-2] [LogScriptEngine.java:389] [INFO] - Test script at 85.00%, done in 41.0 sec
[21:57:01 - Thread-2] [LogScriptEngine.java:389] [INFO] - Test script at 90.00%, done in 26.8 sec
[21:57:09 - Thread-2] [LogScriptEngine.java:389] [INFO] - Test script at 95.00%, done in 13.1 sec
[21:57:17 - Thread-2] [LogScriptEngine.java:375] [INFO] - Timeout event @ 180000000
[21:57:18 - Thread-1] [LogScriptEngine.java:309] [INFO] - Test script finished
[21:57:18 - Thread-2] [Simulation.java:311] [INFO] - Simulation main loop stopped, system time: 1453323438005	Duration: 257460 ms	Simulated time 180000 ms	Ratio 0.6991377301328362
[21:57:18 - AWT-EventQueue-0] [ScriptRunner.java:429] [INFO] - Test script deactivated


[2016-01-20 21:57:18] rpl-5leg-down-3hop-contikimac-notf-loss0-3min: FAIL
-- NO TEST INFO AVAILABLE (rpl-5leg-down-3hop-contikimac-notf-loss0-3min.info) --
-- TEST OUTPUT (tail rpl-5leg-down-3hop-contikimac-notf-loss0-3min.log) --
179014132:4: 22792 P 0.0 88 173927 5658772 1275 5700129 0 0 1511 64024 0 65536 0 0 (radio 97.-9498% / 100.00% tx 0.02% / 0.00% listen 97.-9500% / 100.00%)
179142164:12: 22792 P 0.0 88 234737 5597836 1761 5699640 0 0 1755 63781 0 65535 0 0 (radio 97.-9498% / 99.99% tx 0.03% / 0.00% listen 97.-9501% / 99.99%)
TEST TIMEOUT
TEST FAILED
Test ended at simulation time: 180000000
-- COOJA OUTPUT (tail rpl-5leg-down-3hop-contikimac-notf-loss0-3min.cooja_log) --
[22:00:55 - Thread-2] [LogScriptEngine.java:389] [INFO] - Test script at 70.00%, done in 90.1 sec
[22:01:10 - Thread-2] [LogScriptEngine.java:389] [INFO] - Test script at 75.00%, done in 75.0 sec
[22:01:19 - Thread-2] [LogScriptEngine.java:389] [INFO] - Test script at 80.00%, done in 58.7 sec
[22:01:29 - Thread-2] [LogScriptEngine.java:389] [INFO] - Test script at 85.00%, done in 43.1 sec
[22:01:38 - Thread-2] [LogScriptEngine.java:389] [INFO] - Test script at 90.00%, done in 28.1 sec
[22:01:47 - Thread-2] [LogScriptEngine.java:389] [INFO] - Test script at 95.00%, done in 13.8 sec
[22:01:56 - Thread-2] [LogScriptEngine.java:375] [INFO] - Timeout event @ 180000000
[22:01:56 - Thread-1] [LogScriptEngine.java:309] [INFO] - Test script finished
[22:01:56 - Thread-2] [Simulation.java:311] [INFO] - Simulation main loop stopped, system time: 1453323716082	Duration: 270803 ms	Simulated time 180000 ms	Ratio 0.6646898298763307
[22:01:56 - AWT-EventQueue-0] [ScriptRunner.java:429] [INFO] - Test script deactivated


[2016-01-20 22:01:56] rpl-5leg-down-3hop-contikimac-notf-loss0-3min: FAIL
-- NO TEST INFO AVAILABLE (rpl-5leg-down-3hop-contikimac-notf-loss0-3min.info) --
-- TEST OUTPUT (tail rpl-5leg-down-3hop-contikimac-notf-loss0-3min.log) --
178934885:8: 22792 P 0.0 88 271011 5561550 2315 5699087 0 0 1765 63770 0 65535 0 0 (radio 97.-9498% / 100.00% tx 0.03% / 0.00% listen 97.-9502% / 100.00%)
179033402:12: 22792 P 0.0 88 234716 5597868 1764 5699636 0 0 1755 63781 0 65535 0 0 (radio 97.-9498% / 99.99% tx 0.03% / 0.00% listen 97.-9501% / 99.99%)
TEST TIMEOUT
TEST FAILED
Test ended at simulation time: 180000000
-- COOJA OUTPUT (tail rpl-5leg-down-3hop-contikimac-notf-loss0-3min.cooja_log) --
[22:05:28 - Thread-2] [LogScriptEngine.java:389] [INFO] - Test script at 70.00%, done in 87.9 sec
[22:05:42 - Thread-2] [LogScriptEngine.java:389] [INFO] - Test script at 75.00%, done in 73.1 sec
[22:05:51 - Thread-2] [LogScriptEngine.java:389] [INFO] - Test script at 80.00%, done in 57.1 sec
[22:06:00 - Thread-2] [LogScriptEngine.java:389] [INFO] - Test script at 85.00%, done in 41.9 sec
[22:06:09 - Thread-2] [LogScriptEngine.java:389] [INFO] - Test script at 90.00%, done in 27.4 sec
[22:06:19 - Thread-2] [LogScriptEngine.java:389] [INFO] - Test script at 95.00%, done in 13.5 sec
[22:06:27 - Thread-2] [LogScriptEngine.java:375] [INFO] - Timeout event @ 180000000
[22:06:27 - Thread-1] [LogScriptEngine.java:309] [INFO] - Test script finished
[22:06:27 - Thread-2] [Simulation.java:311] [INFO] - Simulation main loop stopped, system time: 1453323987680	Duration: 264481 ms	Simulated time 180000 ms	Ratio 0.6805781889814391
[22:06:28 - AWT-EventQueue-0] [ScriptRunner.java:429] [INFO] - Test script deactivated


[2016-01-20 22:06:28] rpl-5leg-down-3hop-contikimac-notf-loss0-3min: FAIL
-- NO TEST INFO AVAILABLE (rpl-5leg-down-3hop-contikimac-notf-loss0-3min.info) --
-- TEST OUTPUT (tail rpl-5leg-down-3hop-contikimac-notf-loss0-3min.log) --
179037927:6: 22792 P 0.0 88 169952 5662745 1280 5700126 0 0 1511 64024 0 65536 0 0 (radio 97.-9498% / 100.00% tx 0.02% / 0.00% listen 97.-9500% / 100.00%)
179119167:4: 22792 P 0.0 88 174156 5658542 1274 5700132 0 0 1511 64024 0 65536 0 0 (radio 97.-9498% / 100.00% tx 0.02% / 0.00% listen 97.-9500% / 100.00%)
TEST TIMEOUT
TEST FAILED
Test ended at simulation time: 180000000
-- COOJA OUTPUT (tail rpl-5leg-down-3hop-contikimac-notf-loss0-3min.cooja_log) --
[22:09:50 - Thread-2] [LogScriptEngine.java:389] [INFO] - Test script at 70.00%, done in 83.7 sec
[22:10:03 - Thread-2] [LogScriptEngine.java:389] [INFO] - Test script at 75.00%, done in 69.7 sec
[22:10:14 - Thread-2] [LogScriptEngine.java:389] [INFO] - Test script at 80.00%, done in 55.0 sec
[22:10:23 - Thread-2] [LogScriptEngine.java:389] [INFO] - Test script at 85.00%, done in 40.4 sec
[22:10:31 - Thread-2] [LogScriptEngine.java:389] [INFO] - Test script at 90.00%, done in 26.3 sec
[22:10:40 - Thread-2] [LogScriptEngine.java:389] [INFO] - Test script at 95.00%, done in 12.9 sec
[22:10:48 - Thread-2] [LogScriptEngine.java:375] [INFO] - Timeout event @ 180000000
[22:10:48 - Thread-1] [LogScriptEngine.java:309] [INFO] - Test script finished
[22:10:48 - Thread-2] [Simulation.java:311] [INFO] - Simulation main loop stopped, system time: 1453324248956	Duration: 254197 ms	Simulated time 180000 ms	Ratio 0.7081122121818905
[22:10:49 - AWT-EventQueue-0] [ScriptRunner.java:429] [INFO] - Test script deactivated


[2016-01-20 22:10:49] rpl-5leg-down-3hop-contikimac-notf-loss0-3min: FAIL
-- NO TEST INFO AVAILABLE (rpl-5leg-down-3hop-contikimac-notf-loss0-3min.info) --
-- TEST OUTPUT (tail rpl-5leg-down-3hop-contikimac-notf-loss0-3min.log) --
178989792:9: 22792 P 0.0 88 267402 5565141 2393 5699010 0 0 1765 63770 0 65535 0 0 (radio 97.-9498% / 100.00% tx 0.04% / 0.00% listen 97.-9502% / 100.00%)
179072228:3: 22792 P 0.0 88 173520 5659176 1192 5700214 0 0 1511 64024 0 65536 0 0 (radio 97.-9498% / 100.00% tx 0.02% / 0.00% listen 97.-9500% / 100.00%)
TEST TIMEOUT
TEST FAILED
Test ended at simulation time: 180000000
-- COOJA OUTPUT (tail rpl-5leg-down-3hop-contikimac-notf-loss0-3min.cooja_log) --
[22:14:11 - Thread-2] [LogScriptEngine.java:389] [INFO] - Test script at 70.00%, done in 83.8 sec
[22:14:25 - Thread-2] [LogScriptEngine.java:389] [INFO] - Test script at 75.00%, done in 69.7 sec
[22:14:34 - Thread-2] [LogScriptEngine.java:389] [INFO] - Test script at 80.00%, done in 54.7 sec
[22:14:44 - Thread-2] [LogScriptEngine.java:389] [INFO] - Test script at 85.00%, done in 40.3 sec
[22:14:52 - Thread-2] [LogScriptEngine.java:389] [INFO] - Test script at 90.00%, done in 26.3 sec
[22:15:01 - Thread-2] [LogScriptEngine.java:389] [INFO] - Test script at 95.00%, done in 12.9 sec
[22:15:10 - Thread-2] [LogScriptEngine.java:375] [INFO] - Timeout event @ 180000000
[22:15:10 - Thread-1] [LogScriptEngine.java:309] [INFO] - Test script finished
[22:15:10 - Thread-2] [Simulation.java:311] [INFO] - Simulation main loop stopped, system time: 1453324510393	Duration: 254299 ms	Simulated time 180000 ms	Ratio 0.7078281865048623
[22:15:10 - AWT-EventQueue-0] [ScriptRunner.java:429] [INFO] - Test script deactivated


[2016-01-28 00:06:33] rpl-5leg-down-3hop-contikimac-notf-loss0-3min: FAIL
-- NO TEST INFO AVAILABLE (rpl-5leg-down-3hop-contikimac-notf-loss0-3min.info) --
-- TEST OUTPUT (tail rpl-5leg-down-3hop-contikimac-notf-loss0-3min.log) --
179985459:8:RPL: Sending a DIS to ff02::1a
179990735:8:Upper layer checksum len: 10 from: 40
TEST TIMEOUT
TEST FAILED
Test ended at simulation time: 180000000
-- COOJA OUTPUT (tail rpl-5leg-down-3hop-contikimac-notf-loss0-3min.cooja_log) --
[00:07:36 - Thread-2] [LogScriptEngine.java:389] [INFO] - Test script at 70.00%, done in 25.0 sec
[00:07:40 - Thread-2] [LogScriptEngine.java:389] [INFO] - Test script at 75.00%, done in 20.9 sec
[00:07:44 - Thread-2] [LogScriptEngine.java:389] [INFO] - Test script at 80.00%, done in 16.6 sec
[00:07:48 - Thread-2] [LogScriptEngine.java:389] [INFO] - Test script at 85.00%, done in 12.5 sec
[00:07:52 - Thread-2] [LogScriptEngine.java:389] [INFO] - Test script at 90.00%, done in 8.3 sec
[00:07:56 - Thread-2] [LogScriptEngine.java:389] [INFO] - Test script at 95.00%, done in 4.1 sec
[00:08:00 - Thread-2] [LogScriptEngine.java:375] [INFO] - Timeout event @ 180000000
[00:08:00 - Thread-1] [LogScriptEngine.java:309] [INFO] - Test script finished
[00:08:00 - Thread-2] [Simulation.java:311] [INFO] - Simulation main loop stopped, system time: 1453936080111	Duration: 81998 ms	Simulated time 180000 ms	Ratio 2.195175492085173
[00:08:00 - AWT-EventQueue-0] [ScriptRunner.java:429] [INFO] - Test script deactivated


[2016-01-28 00:08:00] rpl-5leg-down-3hop-contikimac-notf-loss0-3min: FAIL
-- NO TEST INFO AVAILABLE (rpl-5leg-down-3hop-contikimac-notf-loss0-3min.info) --
-- TEST OUTPUT (tail rpl-5leg-down-3hop-contikimac-notf-loss0-3min.log) --
179913512:15:RPL: Sending a DIS to ff02::1a
179918788:15:Upper layer checksum len: 10 from: 40
TEST TIMEOUT
TEST FAILED
Test ended at simulation time: 180000000
-- COOJA OUTPUT (tail rpl-5leg-down-3hop-contikimac-notf-loss0-3min.cooja_log) --
[00:09:03 - Thread-2] [LogScriptEngine.java:389] [INFO] - Test script at 70.00%, done in 25.2 sec
[00:09:07 - Thread-2] [LogScriptEngine.java:389] [INFO] - Test script at 75.00%, done in 20.9 sec
[00:09:11 - Thread-2] [LogScriptEngine.java:389] [INFO] - Test script at 80.00%, done in 16.7 sec
[00:09:15 - Thread-2] [LogScriptEngine.java:389] [INFO] - Test script at 85.00%, done in 12.5 sec
[00:09:19 - Thread-2] [LogScriptEngine.java:389] [INFO] - Test script at 90.00%, done in 8.4 sec
[00:09:24 - Thread-2] [LogScriptEngine.java:389] [INFO] - Test script at 95.00%, done in 4.2 sec
[00:09:28 - Thread-2] [LogScriptEngine.java:375] [INFO] - Timeout event @ 180000000
[00:09:28 - Thread-1] [LogScriptEngine.java:309] [INFO] - Test script finished
[00:09:28 - Thread-2] [Simulation.java:311] [INFO] - Simulation main loop stopped, system time: 1453936168395	Duration: 83689 ms	Simulated time 180000 ms	Ratio 2.1508202989640215
[00:09:28 - AWT-EventQueue-0] [ScriptRunner.java:429] [INFO] - Test script deactivated


[2016-01-28 00:09:29] rpl-5leg-down-3hop-contikimac-notf-loss0-3min: [2016-01-28 00:11:21] rpl-5leg-down-3hop-contikimac-notf-loss0-3min: FAIL
-- NO TEST INFO AVAILABLE (rpl-5leg-down-3hop-contikimac-notf-loss0-3min.info) --
-- TEST OUTPUT (tail rpl-5leg-down-3hop-contikimac-notf-loss0-3min.log) --
179994685:8:RPL-ND: dis_output: add RPL source info to DIS message, type 10, length 2, nodeid 8
179999004:8:RPL: Sending a DIS to ff02::1a
TEST TIMEOUT
TEST FAILED
Test ended at simulation time: 180000000
-- COOJA OUTPUT (tail rpl-5leg-down-3hop-contikimac-notf-loss0-3min.cooja_log) --
[00:12:19 - Thread-2] [LogScriptEngine.java:389] [INFO] - Test script at 70.00%, done in 23.2 sec
[00:12:23 - Thread-2] [LogScriptEngine.java:389] [INFO] - Test script at 75.00%, done in 19.4 sec
[00:12:26 - Thread-2] [LogScriptEngine.java:389] [INFO] - Test script at 80.00%, done in 15.4 sec
[00:12:30 - Thread-2] [LogScriptEngine.java:389] [INFO] - Test script at 85.00%, done in 11.6 sec
[00:12:34 - Thread-2] [LogScriptEngine.java:389] [INFO] - Test script at 90.00%, done in 7.7 sec
[00:12:38 - Thread-2] [LogScriptEngine.java:389] [INFO] - Test script at 95.00%, done in 3.9 sec
[00:12:41 - Thread-2] [LogScriptEngine.java:375] [INFO] - Timeout event @ 180000000
[00:12:41 - Thread-1] [LogScriptEngine.java:309] [INFO] - Test script finished
[00:12:41 - Thread-2] [Simulation.java:311] [INFO] - Simulation main loop stopped, system time: 1453936361979	Duration: 76987 ms	Simulated time 180000 ms	Ratio 2.3380570745710316
[00:12:42 - AWT-EventQueue-0] [ScriptRunner.java:429] [INFO] - Test script deactivated


[2016-01-28 00:12:42] rpl-5leg-down-3hop-contikimac-notf-loss0-3min: FAIL
-- NO TEST INFO AVAILABLE (rpl-5leg-down-3hop-contikimac-notf-loss0-3min.info) --
-- TEST OUTPUT (tail rpl-5leg-down-3hop-contikimac-notf-loss0-3min.log) --
179935108:14:RPL: Sending a DIS to ff02::1a
179940384:14:Upper layer checksum len: 10 from: 40
TEST TIMEOUT
TEST FAILED
Test ended at simulation time: 180000000
-- COOJA OUTPUT (tail rpl-5leg-down-3hop-contikimac-notf-loss0-3min.cooja_log) --
[00:13:44 - Thread-2] [LogScriptEngine.java:389] [INFO] - Test script at 70.00%, done in 25.3 sec
[00:13:49 - Thread-2] [LogScriptEngine.java:389] [INFO] - Test script at 75.00%, done in 21.1 sec
[00:13:52 - Thread-2] [LogScriptEngine.java:389] [INFO] - Test script at 80.00%, done in 16.7 sec
[00:13:57 - Thread-2] [LogScriptEngine.java:389] [INFO] - Test script at 85.00%, done in 12.6 sec
[00:14:01 - Thread-2] [LogScriptEngine.java:389] [INFO] - Test script at 90.00%, done in 8.4 sec
[00:14:05 - Thread-2] [LogScriptEngine.java:389] [INFO] - Test script at 95.00%, done in 4.2 sec
[00:14:09 - Thread-2] [LogScriptEngine.java:375] [INFO] - Timeout event @ 180000000
[00:14:09 - Thread-1] [LogScriptEngine.java:309] [INFO] - Test script finished
[00:14:09 - Thread-2] [Simulation.java:311] [INFO] - Simulation main loop stopped, system time: 1453936449577	Duration: 83685 ms	Simulated time 180000 ms	Ratio 2.150923104499014
[00:14:10 - AWT-EventQueue-0] [ScriptRunner.java:429] [INFO] - Test script deactivated


[2016-01-28 00:14:10] rpl-5leg-down-3hop-contikimac-notf-loss0-3min: FAIL
-- NO TEST INFO AVAILABLE (rpl-5leg-down-3hop-contikimac-notf-loss0-3min.info) --
-- TEST OUTPUT (tail rpl-5leg-down-3hop-contikimac-notf-loss0-3min.log) --
179917297:2:RPL: Sending a DIS to ff02::1a
179922573:2:Upper layer checksum len: 10 from: 40
TEST TIMEOUT
TEST FAILED
Test ended at simulation time: 180000000
-- COOJA OUTPUT (tail rpl-5leg-down-3hop-contikimac-notf-loss0-3min.cooja_log) --
[00:15:15 - Thread-2] [LogScriptEngine.java:389] [INFO] - Test script at 70.00%, done in 26.5 sec
[00:15:20 - Thread-2] [LogScriptEngine.java:389] [INFO] - Test script at 75.00%, done in 22.1 sec
[00:15:24 - Thread-2] [LogScriptEngine.java:389] [INFO] - Test script at 80.00%, done in 17.7 sec
[00:15:29 - Thread-2] [LogScriptEngine.java:389] [INFO] - Test script at 85.00%, done in 13.4 sec
[00:15:35 - Thread-2] [LogScriptEngine.java:389] [INFO] - Test script at 90.00%, done in 9.0 sec
[00:15:39 - Thread-2] [LogScriptEngine.java:389] [INFO] - Test script at 95.00%, done in 4.5 sec
[00:15:43 - Thread-2] [LogScriptEngine.java:375] [INFO] - Timeout event @ 180000000
[00:15:43 - Thread-1] [LogScriptEngine.java:309] [INFO] - Test script finished
[00:15:43 - Thread-2] [Simulation.java:311] [INFO] - Simulation main loop stopped, system time: 1453936543179	Duration: 89285 ms	Simulated time 180000 ms	Ratio 2.016016128129025
[00:15:43 - AWT-EventQueue-0] [ScriptRunner.java:429] [INFO] - Test script deactivated


[2016-01-28 00:15:43] rpl-5leg-down-3hop-contikimac-notf-loss0-3min: [2016-01-28 00:28:07] rpl-5leg-down-3hop-contikimac-notf-loss0-3min: FAIL
-- NO TEST INFO AVAILABLE (rpl-5leg-down-3hop-contikimac-notf-loss0-3min.info) --
-- TEST OUTPUT (tail rpl-5leg-down-3hop-contikimac-notf-loss0-3min.log) --
179119760:7: 22792 P 0.0 88 266896 5565671 2160 5695141 0 0 1755 63781 0 65535 0 0 (radio 97.-9505% / 99.99% tx 0.03% / 0.00% listen 97.-9509% / 99.99%)
179144917:13: 22792 P 0.0 88 234959 5597607 1767 5699636 0 0 1755 63781 0 65535 0 0 (radio 97.-9498% / 99.99% tx 0.03% / 0.00% listen 97.-9501% / 99.99%)
TEST TIMEOUT
TEST FAILED
Test ended at simulation time: 180000000
-- COOJA OUTPUT (tail rpl-5leg-down-3hop-contikimac-notf-loss0-3min.cooja_log) --
[00:29:57 - Thread-2] [LogScriptEngine.java:389] [INFO] - Test script at 70.00%, done in 45.7 sec
[00:30:04 - Thread-2] [LogScriptEngine.java:389] [INFO] - Test script at 75.00%, done in 37.8 sec
[00:30:09 - Thread-2] [LogScriptEngine.java:389] [INFO] - Test script at 80.00%, done in 29.8 sec
[00:30:14 - Thread-2] [LogScriptEngine.java:389] [INFO] - Test script at 85.00%, done in 21.8 sec
[00:30:18 - Thread-2] [LogScriptEngine.java:389] [INFO] - Test script at 90.00%, done in 14.2 sec
[00:30:22 - Thread-2] [LogScriptEngine.java:389] [INFO] - Test script at 95.00%, done in 6.9 sec
[00:30:26 - Thread-2] [LogScriptEngine.java:375] [INFO] - Timeout event @ 180000000
[00:30:26 - Thread-1] [LogScriptEngine.java:309] [INFO] - Test script finished
[00:30:26 - Thread-2] [Simulation.java:311] [INFO] - Simulation main loop stopped, system time: 1453937426964	Duration: 136019 ms	Simulated time 180000 ms	Ratio 1.3233445327491011
[00:30:27 - AWT-EventQueue-0] [ScriptRunner.java:429] [INFO] - Test script deactivated


[2016-01-28 00:30:27] rpl-5leg-down-3hop-contikimac-notf-loss0-3min: FAIL
-- NO TEST INFO AVAILABLE (rpl-5leg-down-3hop-contikimac-notf-loss0-3min.info) --
-- TEST OUTPUT (tail rpl-5leg-down-3hop-contikimac-notf-loss0-3min.log) --
179035465:13: 22792 P 0.0 88 234797 5597765 1765 5699637 0 0 1755 63781 0 65535 0 0 (radio 97.-9498% / 99.99% tx 0.03% / 0.00% listen 97.-9501% / 99.99%)
179075587:6: 22792 P 0.0 88 174531 5658165 1279 5700127 0 0 1511 64024 0 65536 0 0 (radio 97.-9498% / 100.00% tx 0.02% / 0.00% listen 97.-9500% / 100.00%)
TEST TIMEOUT
TEST FAILED
Test ended at simulation time: 180000000
-- COOJA OUTPUT (tail rpl-5leg-down-3hop-contikimac-notf-loss0-3min.cooja_log) --
[00:32:07 - Thread-2] [LogScriptEngine.java:389] [INFO] - Test script at 70.00%, done in 41.2 sec
[00:32:14 - Thread-2] [LogScriptEngine.java:389] [INFO] - Test script at 75.00%, done in 34.4 sec
[00:32:18 - Thread-2] [LogScriptEngine.java:389] [INFO] - Test script at 80.00%, done in 26.9 sec
[00:32:22 - Thread-2] [LogScriptEngine.java:389] [INFO] - Test script at 85.00%, done in 19.8 sec
[00:32:26 - Thread-2] [LogScriptEngine.java:389] [INFO] - Test script at 90.00%, done in 12.9 sec
[00:32:31 - Thread-2] [LogScriptEngine.java:389] [INFO] - Test script at 95.00%, done in 6.3 sec
[00:32:35 - Thread-2] [LogScriptEngine.java:375] [INFO] - Timeout event @ 180000000
[00:32:35 - Thread-1] [LogScriptEngine.java:309] [INFO] - Test script finished
[00:32:35 - Thread-2] [Simulation.java:311] [INFO] - Simulation main loop stopped, system time: 1453937555360	Duration: 124380 ms	Simulated time 180000 ms	Ratio 1.447178002894356
[00:32:35 - AWT-EventQueue-0] [ScriptRunner.java:429] [INFO] - Test script deactivated


[2016-01-28 00:32:36] rpl-5leg-down-3hop-contikimac-notf-loss0-3min: FAIL
-- NO TEST INFO AVAILABLE (rpl-5leg-down-3hop-contikimac-notf-loss0-3min.info) --
-- TEST OUTPUT (tail rpl-5leg-down-3hop-contikimac-notf-loss0-3min.log) --
179066061:7: 22792 P 0.0 88 269338 5563239 2320 5699085 0 0 1765 63770 0 65535 0 0 (radio 97.-9498% / 100.00% tx 0.03% / 0.00% listen 97.-9502% / 100.00%)
179114809:12: 22792 P 0.0 88 234735 5597843 1764 5698160 0 0 1755 63781 0 65535 0 0 (radio 97.-9501% / 99.99% tx 0.03% / 0.00% listen 97.-9504% / 99.99%)
TEST TIMEOUT
TEST FAILED
Test ended at simulation time: 180000000
-- COOJA OUTPUT (tail rpl-5leg-down-3hop-contikimac-notf-loss0-3min.cooja_log) --
[00:34:16 - Thread-2] [LogScriptEngine.java:389] [INFO] - Test script at 70.00%, done in 41.8 sec
[00:34:23 - Thread-2] [LogScriptEngine.java:389] [INFO] - Test script at 75.00%, done in 34.6 sec
[00:34:28 - Thread-2] [LogScriptEngine.java:389] [INFO] - Test script at 80.00%, done in 27.2 sec
[00:34:32 - Thread-2] [LogScriptEngine.java:389] [INFO] - Test script at 85.00%, done in 20.0 sec
[00:34:36 - Thread-2] [LogScriptEngine.java:389] [INFO] - Test script at 90.00%, done in 13.0 sec
[00:34:41 - Thread-2] [LogScriptEngine.java:389] [INFO] - Test script at 95.00%, done in 6.4 sec
[00:34:45 - Thread-2] [LogScriptEngine.java:375] [INFO] - Timeout event @ 180000000
[00:34:45 - Thread-1] [LogScriptEngine.java:309] [INFO] - Test script finished
[00:34:45 - Thread-2] [Simulation.java:311] [INFO] - Simulation main loop stopped, system time: 1453937685087	Duration: 125757 ms	Simulated time 180000 ms	Ratio 1.4313318542904172
[00:34:45 - AWT-EventQueue-0] [ScriptRunner.java:429] [INFO] - Test script deactivated


[2016-01-28 00:34:45] rpl-5leg-down-3hop-contikimac-notf-loss0-3min: FAIL
-- NO TEST INFO AVAILABLE (rpl-5leg-down-3hop-contikimac-notf-loss0-3min.info) --
-- TEST OUTPUT (tail rpl-5leg-down-3hop-contikimac-notf-loss0-3min.log) --
179110080:15: 22792 P 0.0 88 229666 5602905 1676 5699726 0 0 1755 63781 0 65535 0 0 (radio 97.-9498% / 99.99% tx 0.02% / 0.00% listen 97.-9501% / 99.99%)
179132122:12: 22792 P 0.0 88 234789 5597795 1762 5699637 0 0 1755 63781 0 65535 0 0 (radio 97.-9498% / 99.99% tx 0.03% / 0.00% listen 97.-9501% / 99.99%)
TEST TIMEOUT
TEST FAILED
Test ended at simulation time: 180000000
-- COOJA OUTPUT (tail rpl-5leg-down-3hop-contikimac-notf-loss0-3min.cooja_log) --
[00:36:25 - Thread-2] [LogScriptEngine.java:389] [INFO] - Test script at 70.00%, done in 41.6 sec
[00:36:33 - Thread-2] [LogScriptEngine.java:389] [INFO] - Test script at 75.00%, done in 34.9 sec
[00:36:38 - Thread-2] [LogScriptEngine.java:389] [INFO] - Test script at 80.00%, done in 27.5 sec
[00:36:43 - Thread-2] [LogScriptEngine.java:389] [INFO] - Test script at 85.00%, done in 20.1 sec
[00:36:47 - Thread-2] [LogScriptEngine.java:389] [INFO] - Test script at 90.00%, done in 13.1 sec
[00:36:51 - Thread-2] [LogScriptEngine.java:389] [INFO] - Test script at 95.00%, done in 6.4 sec
[00:36:55 - Thread-2] [LogScriptEngine.java:375] [INFO] - Timeout event @ 180000000
[00:36:55 - Thread-1] [LogScriptEngine.java:309] [INFO] - Test script finished
[00:36:55 - Thread-2] [Simulation.java:311] [INFO] - Simulation main loop stopped, system time: 1453937815622	Duration: 126700 ms	Simulated time 180000 ms	Ratio 1.420678768745067
[00:36:56 - AWT-EventQueue-0] [ScriptRunner.java:429] [INFO] - Test script deactivated


[2016-01-28 00:36:56] rpl-5leg-down-3hop-contikimac-notf-loss0-3min: FAIL
-- NO TEST INFO AVAILABLE (rpl-5leg-down-3hop-contikimac-notf-loss0-3min.info) --
-- TEST OUTPUT (tail rpl-5leg-down-3hop-contikimac-notf-loss0-3min.log) --
178973981:8: 22792 P 0.0 88 272651 5559907 2641 5698762 0 0 1755 63781 0 65535 0 0 (radio 97.-9498% / 99.99% tx 0.04% / 0.00% listen 97.-9503% / 99.99%)
179044833:5: 22792 P 0.0 88 173353 5659342 1197 5700207 0 0 1511 64024 0 65536 0 0 (radio 97.-9498% / 100.00% tx 0.02% / 0.00% listen 97.-9500% / 100.00%)
TEST TIMEOUT
TEST FAILED
Test ended at simulation time: 180000000
-- COOJA OUTPUT (tail rpl-5leg-down-3hop-contikimac-notf-loss0-3min.cooja_log) --
[00:38:37 - Thread-2] [LogScriptEngine.java:389] [INFO] - Test script at 70.00%, done in 41.8 sec
[00:38:43 - Thread-2] [LogScriptEngine.java:389] [INFO] - Test script at 75.00%, done in 34.7 sec
[00:38:48 - Thread-2] [LogScriptEngine.java:389] [INFO] - Test script at 80.00%, done in 27.2 sec
[00:38:52 - Thread-2] [LogScriptEngine.java:389] [INFO] - Test script at 85.00%, done in 19.9 sec
[00:38:56 - Thread-2] [LogScriptEngine.java:389] [INFO] - Test script at 90.00%, done in 13.0 sec
[00:39:00 - Thread-2] [LogScriptEngine.java:389] [INFO] - Test script at 95.00%, done in 6.4 sec
[00:39:05 - Thread-2] [LogScriptEngine.java:375] [INFO] - Timeout event @ 180000000
[00:39:05 - Thread-1] [LogScriptEngine.java:309] [INFO] - Test script finished
[00:39:05 - Thread-2] [Simulation.java:311] [INFO] - Simulation main loop stopped, system time: 1453937945055	Duration: 125434 ms	Simulated time 180000 ms	Ratio 1.435017618827431
[00:39:05 - AWT-EventQueue-0] [ScriptRunner.java:429] [INFO] - Test script deactivated


[2016-01-28 00:39:05] rpl-5leg-down-3hop-contikimac-notf-loss0-3min: FAIL
-- NO TEST INFO AVAILABLE (rpl-5leg-down-3hop-contikimac-notf-loss0-3min.info) --
-- TEST OUTPUT (tail rpl-5leg-down-3hop-contikimac-notf-loss0-3min.log) --
179127256:11: 22792 P 0.0 88 270223 5562335 2240 5699160 0 0 1755 63781 0 65535 0 0 (radio 97.-9498% / 99.99% tx 0.03% / 0.00% listen 97.-9502% / 99.99%)
179130632:12: 22792 P 0.0 88 234655 5597927 1766 5699635 0 0 1755 63781 0 65535 0 0 (radio 97.-9498% / 99.99% tx 0.03% / 0.00% listen 97.-9501% / 99.99%)
TEST TIMEOUT
TEST FAILED
Test ended at simulation time: 180000000
-- COOJA OUTPUT (tail rpl-5leg-down-3hop-contikimac-notf-loss0-3min.cooja_log) --
[00:40:43 - Thread-2] [LogScriptEngine.java:389] [INFO] - Test script at 70.00%, done in 40.4 sec
[00:40:50 - Thread-2] [LogScriptEngine.java:389] [INFO] - Test script at 75.00%, done in 33.7 sec
[00:40:54 - Thread-2] [LogScriptEngine.java:389] [INFO] - Test script at 80.00%, done in 26.3 sec
[00:40:58 - Thread-2] [LogScriptEngine.java:389] [INFO] - Test script at 85.00%, done in 19.3 sec
[00:41:02 - Thread-2] [LogScriptEngine.java:389] [INFO] - Test script at 90.00%, done in 12.6 sec
[00:41:07 - Thread-2] [LogScriptEngine.java:389] [INFO] - Test script at 95.00%, done in 6.2 sec
[00:41:11 - Thread-2] [LogScriptEngine.java:375] [INFO] - Timeout event @ 180000000
[00:41:11 - Thread-1] [LogScriptEngine.java:309] [INFO] - Test script finished
[00:41:11 - Thread-2] [Simulation.java:311] [INFO] - Simulation main loop stopped, system time: 1453938071156	Duration: 122093 ms	Simulated time 180000 ms	Ratio 1.4742859951020943
[00:41:11 - AWT-EventQueue-0] [ScriptRunner.java:429] [INFO] - Test script deactivated


[2016-01-28 00:41:11] rpl-5leg-down-3hop-contikimac-notf-loss0-3min: FAIL
-- NO TEST INFO AVAILABLE (rpl-5leg-down-3hop-contikimac-notf-loss0-3min.info) --
-- TEST OUTPUT (tail rpl-5leg-down-3hop-contikimac-notf-loss0-3min.log) --
179998390:7:RPL: Sending a DIS to ff02::1a
179998419:16:RPL: Sending a DIS to ff02::1a
TEST TIMEOUT
TEST FAILED
Test ended at simulation time: 180000000
-- COOJA OUTPUT (tail rpl-5leg-down-3hop-contikimac-notf-loss0-3min.cooja_log) --
[00:42:43 - Thread-2] [LogScriptEngine.java:389] [INFO] - Test script at 70.00%, done in 37.7 sec
[00:42:48 - Thread-2] [LogScriptEngine.java:389] [INFO] - Test script at 75.00%, done in 31.2 sec
[00:42:53 - Thread-2] [LogScriptEngine.java:389] [INFO] - Test script at 80.00%, done in 24.5 sec
[00:42:57 - Thread-2] [LogScriptEngine.java:389] [INFO] - Test script at 85.00%, done in 18.1 sec
[00:43:02 - Thread-2] [LogScriptEngine.java:389] [INFO] - Test script at 90.00%, done in 11.9 sec
[00:43:06 - Thread-2] [LogScriptEngine.java:389] [INFO] - Test script at 95.00%, done in 5.9 sec
[00:43:11 - Thread-2] [LogScriptEngine.java:375] [INFO] - Timeout event @ 180000000
[00:43:11 - Thread-1] [LogScriptEngine.java:309] [INFO] - Test script finished
[00:43:11 - Thread-2] [Simulation.java:311] [INFO] - Simulation main loop stopped, system time: 1453938191185	Duration: 116057 ms	Simulated time 180000 ms	Ratio 1.5509620272796987
[00:43:11 - AWT-EventQueue-0] [ScriptRunner.java:429] [INFO] - Test script deactivated


[2016-01-28 00:43:11] rpl-5leg-down-3hop-contikimac-notf-loss0-3min: FAIL
-- NO TEST INFO AVAILABLE (rpl-5leg-down-3hop-contikimac-notf-loss0-3min.info) --
-- TEST OUTPUT (tail rpl-5leg-down-3hop-contikimac-notf-loss0-3min.log) --
179146795:11: 22792 P 0.0 88 266423 5566135 2403 5698997 0 0 1755 63781 0 65535 0 0 (radio 97.-9498% / 99.99% tx 0.04% / 0.00% listen 97.-9502% / 99.99%)
179148048:15: 22792 P 0.0 88 234918 5597663 1848 5692844 0 0 1755 63781 0 65535 0 0 (radio 97.-9510% / 99.99% tx 0.03% / 0.00% listen 97.-9513% / 99.99%)
TEST TIMEOUT
TEST FAILED
Test ended at simulation time: 180000000
-- COOJA OUTPUT (tail rpl-5leg-down-3hop-contikimac-notf-loss0-3min.cooja_log) --
[00:44:51 - Thread-2] [LogScriptEngine.java:389] [INFO] - Test script at 70.00%, done in 41.3 sec
[00:44:57 - Thread-2] [LogScriptEngine.java:389] [INFO] - Test script at 75.00%, done in 34.1 sec
[00:45:02 - Thread-2] [LogScriptEngine.java:389] [INFO] - Test script at 80.00%, done in 26.8 sec
[00:45:07 - Thread-2] [LogScriptEngine.java:389] [INFO] - Test script at 85.00%, done in 19.7 sec
[00:45:11 - Thread-2] [LogScriptEngine.java:389] [INFO] - Test script at 90.00%, done in 12.9 sec
[00:45:15 - Thread-2] [LogScriptEngine.java:389] [INFO] - Test script at 95.00%, done in 6.3 sec
[00:45:19 - Thread-2] [LogScriptEngine.java:375] [INFO] - Timeout event @ 180000000
[00:45:19 - Thread-1] [LogScriptEngine.java:309] [INFO] - Test script finished
[00:45:19 - Thread-2] [Simulation.java:311] [INFO] - Simulation main loop stopped, system time: 1453938319449	Duration: 124287 ms	Simulated time 180000 ms	Ratio 1.4482608800598615
[00:45:19 - AWT-EventQueue-0] [ScriptRunner.java:429] [INFO] - Test script deactivated


[2016-01-28 00:45:20] rpl-5leg-down-3hop-contikimac-notf-loss0-3min: FAIL
-- NO TEST INFO AVAILABLE (rpl-5leg-down-3hop-contikimac-notf-loss0-3min.info) --
-- TEST OUTPUT (tail rpl-5leg-down-3hop-contikimac-notf-loss0-3min.log) --
178974886:8: 22792 P 0.0 88 267633 5564955 2324 5699024 0 0 1755 63781 0 65535 0 0 (radio 97.-9498% / 99.99% tx 0.03% / 0.00% listen 97.-9502% / 99.99%)
178989589:4: 22792 P 0.0 88 175993 5656700 1347 5700058 0 0 1511 64024 0 65536 0 0 (radio 97.-9498% / 100.00% tx 0.02% / 0.00% listen 97.-9501% / 100.00%)
TEST TIMEOUT
TEST FAILED
Test ended at simulation time: 180000000
-- COOJA OUTPUT (tail rpl-5leg-down-3hop-contikimac-notf-loss0-3min.cooja_log) --
[00:46:57 - Thread-2] [LogScriptEngine.java:389] [INFO] - Test script at 70.00%, done in 40.3 sec
[00:47:04 - Thread-2] [LogScriptEngine.java:389] [INFO] - Test script at 75.00%, done in 33.8 sec
[00:47:09 - Thread-2] [LogScriptEngine.java:389] [INFO] - Test script at 80.00%, done in 26.5 sec
[00:47:13 - Thread-2] [LogScriptEngine.java:389] [INFO] - Test script at 85.00%, done in 19.5 sec
[00:47:17 - Thread-2] [LogScriptEngine.java:389] [INFO] - Test script at 90.00%, done in 12.7 sec
[00:47:22 - Thread-2] [LogScriptEngine.java:389] [INFO] - Test script at 95.00%, done in 6.3 sec
[00:47:26 - Thread-2] [LogScriptEngine.java:375] [INFO] - Timeout event @ 180000000
[00:47:26 - Thread-1] [LogScriptEngine.java:309] [INFO] - Test script finished
[00:47:26 - Thread-2] [Simulation.java:311] [INFO] - Simulation main loop stopped, system time: 1453938446159	Duration: 122900 ms	Simulated time 180000 ms	Ratio 1.4646053702196908
[00:47:26 - AWT-EventQueue-0] [ScriptRunner.java:429] [INFO] - Test script deactivated


[2016-01-28 00:47:26] rpl-5leg-down-3hop-contikimac-notf-loss0-3min: FAIL
-- NO TEST INFO AVAILABLE (rpl-5leg-down-3hop-contikimac-notf-loss0-3min.info) --
-- TEST OUTPUT (tail rpl-5leg-down-3hop-contikimac-notf-loss0-3min.log) --
179054866:14: 22792 P 0.0 88 235057 5597486 1843 5699556 0 0 1755 63781 0 65535 0 0 (radio 97.-9498% / 99.99% tx 0.03% / 0.00% listen 97.-9501% / 99.99%)
179132893:16: 22792 P 0.0 88 234906 5597657 1768 5699634 0 0 1755 63781 0 65535 0 0 (radio 97.-9498% / 99.99% tx 0.03% / 0.00% listen 97.-9501% / 99.99%)
TEST TIMEOUT
TEST FAILED
Test ended at simulation time: 180000000
-- COOJA OUTPUT (tail rpl-5leg-down-3hop-contikimac-notf-loss0-3min.cooja_log) --
[00:49:06 - Thread-2] [LogScriptEngine.java:389] [INFO] - Test script at 70.00%, done in 41.1 sec
[00:49:12 - Thread-2] [LogScriptEngine.java:389] [INFO] - Test script at 75.00%, done in 34.2 sec
[00:49:17 - Thread-2] [LogScriptEngine.java:389] [INFO] - Test script at 80.00%, done in 26.8 sec
[00:49:21 - Thread-2] [LogScriptEngine.java:389] [INFO] - Test script at 85.00%, done in 19.6 sec
[00:49:25 - Thread-2] [LogScriptEngine.java:389] [INFO] - Test script at 90.00%, done in 12.8 sec
[00:49:29 - Thread-2] [LogScriptEngine.java:389] [INFO] - Test script at 95.00%, done in 6.3 sec
[00:49:33 - Thread-2] [LogScriptEngine.java:375] [INFO] - Timeout event @ 180000000
[00:49:33 - Thread-1] [LogScriptEngine.java:309] [INFO] - Test script finished
[00:49:33 - Thread-2] [Simulation.java:311] [INFO] - Simulation main loop stopped, system time: 1453938573847	Duration: 123717 ms	Simulated time 180000 ms	Ratio 1.4549334367952667
[00:49:34 - AWT-EventQueue-0] [ScriptRunner.java:429] [INFO] - Test script deactivated


[2016-01-28 00:49:34] rpl-5leg-down-3hop-contikimac-notf-loss0-3min: FAIL
-- NO TEST INFO AVAILABLE (rpl-5leg-down-3hop-contikimac-notf-loss0-3min.info) --
-- TEST OUTPUT (tail rpl-5leg-down-3hop-contikimac-notf-loss0-3min.log) --
179000993:11: 22792 P 0.0 88 266330 5566226 2406 5698995 0 0 1755 63781 0 65535 0 0 (radio 97.-9498% / 99.99% tx 0.04% / 0.00% listen 97.-9502% / 99.99%)
179078658:13: 22792 P 0.0 88 234704 5597877 1763 5699638 0 0 1755 63781 0 65535 0 0 (radio 97.-9498% / 99.99% tx 0.03% / 0.00% listen 97.-9501% / 99.99%)
TEST TIMEOUT
TEST FAILED
Test ended at simulation time: 180000000
-- COOJA OUTPUT (tail rpl-5leg-down-3hop-contikimac-notf-loss0-3min.cooja_log) --
[00:51:16 - Thread-2] [LogScriptEngine.java:389] [INFO] - Test script at 70.00%, done in 42.5 sec
[00:51:26 - Thread-2] [LogScriptEngine.java:389] [INFO] - Test script at 75.00%, done in 36.2 sec
[00:51:32 - Thread-2] [LogScriptEngine.java:389] [INFO] - Test script at 80.00%, done in 28.6 sec
[00:51:37 - Thread-2] [LogScriptEngine.java:389] [INFO] - Test script at 85.00%, done in 21.2 sec
[00:51:42 - Thread-2] [LogScriptEngine.java:389] [INFO] - Test script at 90.00%, done in 13.9 sec
[00:51:47 - Thread-2] [LogScriptEngine.java:389] [INFO] - Test script at 95.00%, done in 6.8 sec
[00:51:52 - Thread-2] [LogScriptEngine.java:375] [INFO] - Timeout event @ 180000000
[00:51:52 - Thread-1] [LogScriptEngine.java:309] [INFO] - Test script finished
[00:51:52 - Thread-2] [Simulation.java:311] [INFO] - Simulation main loop stopped, system time: 1453938712603	Duration: 134963 ms	Simulated time 180000 ms	Ratio 1.3336988656150204
[00:51:53 - AWT-EventQueue-0] [ScriptRunner.java:429] [INFO] - Test script deactivated


[2016-01-28 00:51:53] rpl-5leg-down-3hop-contikimac-notf-loss0-3min: FAIL
-- NO TEST INFO AVAILABLE (rpl-5leg-down-3hop-contikimac-notf-loss0-3min.info) --
-- TEST OUTPUT (tail rpl-5leg-down-3hop-contikimac-notf-loss0-3min.log) --
179115282:10: 22792 P 0.0 88 264657 5567900 2242 5699158 0 0 1755 63781 0 65535 0 0 (radio 97.-9498% / 99.99% tx 0.03% / 0.00% listen 97.-9502% / 99.99%)
179141675:5: 22792 P 0.0 88 173413 5659275 1193 5700212 0 0 1511 64024 0 65536 0 0 (radio 97.-9498% / 100.00% tx 0.02% / 0.00% listen 97.-9500% / 100.00%)
TEST TIMEOUT
TEST FAILED
Test ended at simulation time: 180000000
-- COOJA OUTPUT (tail rpl-5leg-down-3hop-contikimac-notf-loss0-3min.cooja_log) --
[00:53:36 - Thread-2] [LogScriptEngine.java:389] [INFO] - Test script at 70.00%, done in 42.2 sec
[00:53:41 - Thread-2] [LogScriptEngine.java:389] [INFO] - Test script at 75.00%, done in 34.7 sec
[00:53:46 - Thread-2] [LogScriptEngine.java:389] [INFO] - Test script at 80.00%, done in 27.3 sec
[00:53:51 - Thread-2] [LogScriptEngine.java:389] [INFO] - Test script at 85.00%, done in 20.0 sec
[00:53:55 - Thread-2] [LogScriptEngine.java:389] [INFO] - Test script at 90.00%, done in 13.0 sec
[00:53:59 - Thread-2] [LogScriptEngine.java:389] [INFO] - Test script at 95.00%, done in 6.4 sec
[00:54:03 - Thread-2] [LogScriptEngine.java:375] [INFO] - Timeout event @ 180000000
[00:54:03 - Thread-1] [LogScriptEngine.java:309] [INFO] - Test script finished
[00:54:03 - Thread-2] [Simulation.java:311] [INFO] - Simulation main loop stopped, system time: 1453938843432	Duration: 125647 ms	Simulated time 180000 ms	Ratio 1.432584940348755
[00:54:03 - AWT-EventQueue-0] [ScriptRunner.java:429] [INFO] - Test script deactivated


[2016-01-28 00:54:04] rpl-5leg-down-3hop-contikimac-notf-loss0-3min: FAIL
-- NO TEST INFO AVAILABLE (rpl-5leg-down-3hop-contikimac-notf-loss0-3min.info) --
-- TEST OUTPUT (tail rpl-5leg-down-3hop-contikimac-notf-loss0-3min.log) --
179083797:13: 22792 P 0.0 88 231159 5601401 1842 5699560 0 0 1755 63781 0 65535 0 0 (radio 97.-9498% / 99.99% tx 0.03% / 0.00% listen 97.-9501% / 99.99%)
179088532:7: 22792 P 0.0 88 269519 5563067 2403 5698999 0 0 1755 63781 0 65535 0 0 (radio 97.-9498% / 99.99% tx 0.04% / 0.00% listen 97.-9502% / 99.99%)
TEST TIMEOUT
TEST FAILED
Test ended at simulation time: 180000000
-- COOJA OUTPUT (tail rpl-5leg-down-3hop-contikimac-notf-loss0-3min.cooja_log) --
[00:55:43 - Thread-2] [LogScriptEngine.java:389] [INFO] - Test script at 70.00%, done in 41.5 sec
[00:55:50 - Thread-2] [LogScriptEngine.java:389] [INFO] - Test script at 75.00%, done in 34.6 sec
[00:55:55 - Thread-2] [LogScriptEngine.java:389] [INFO] - Test script at 80.00%, done in 27.1 sec
[00:55:59 - Thread-2] [LogScriptEngine.java:389] [INFO] - Test script at 85.00%, done in 19.8 sec
[00:56:03 - Thread-2] [LogScriptEngine.java:389] [INFO] - Test script at 90.00%, done in 12.9 sec
[00:56:07 - Thread-2] [LogScriptEngine.java:389] [INFO] - Test script at 95.00%, done in 6.3 sec
[00:56:11 - Thread-2] [LogScriptEngine.java:375] [INFO] - Timeout event @ 180000000
[00:56:11 - Thread-1] [LogScriptEngine.java:309] [INFO] - Test script finished
[00:56:11 - Thread-2] [Simulation.java:311] [INFO] - Simulation main loop stopped, system time: 1453938971753	Duration: 124702 ms	Simulated time 180000 ms	Ratio 1.4434411637343427
[00:56:12 - AWT-EventQueue-0] [ScriptRunner.java:429] [INFO] - Test script deactivated


